16:37:45 **** Incremental Build of configuration Debug for project Help ****
make -j4 all 
arm-none-eabi-gcc -gdwarf-2 "../Src/main.c" -mcpu=cortex-m3 -std=gnu11 -g3 -DSTM32 -DSTM32F1 -DSTM32F103C6Tx -DDEBUG -c -I../Inc -I"E:/EmbeddedSystemKS/Unit_7_MCU_Essential_Peripherals/Drivers/Help/STM32F103C6_Drivers/Inc" -O0 -ffunction-sections -fdata-sections -Wall -fstack-usage -MMD -MP -MF"Src/main.d" -MT"Src/main.o" --specs=nano.specs -mfloat-abi=soft -mthumb -o "Src/main.o"
../Src/main.c: In function 'EXTI9_Callback':
../Src/main.c:249:2: warning: implicit declaration of function 'wait_ms'; did you mean 'wcstombs'? [-Wimplicit-function-declaration]
  wait_ms(1000);
  ^~~~~~~
  wcstombs
arm-none-eabi-gcc -gdwarf-2 -o "Help.elf" @"objects.list"   -mcpu=cortex-m3 -T"E:\EmbeddedSystemKS\Unit_7_MCU_Essential_Peripherals\Drivers\Help\STM32F103C6TX_FLASH.ld" --specs=nosys.specs -Wl,-Map="Help.map" -Wl,--gc-sections -static --specs=nano.specs -mfloat-abi=soft -mthumb -Wl,--start-group -lc -lm -Wl,--end-group
Src/main.o: In function `EXTI9_Callback':
E:/EmbeddedSystemKS/Unit_7_MCU_Essential_Peripherals/Drivers/Help/Debug/../Src/main.c:248: undefined reference to `LCD_WR_STR'
E:/EmbeddedSystemKS/Unit_7_MCU_Essential_Peripherals/Drivers/Help/Debug/../Src/main.c:249: undefined reference to `wait_ms'
Src/main.o: In function `main':
E:/EmbeddedSystemKS/Unit_7_MCU_Essential_Peripherals/Drivers/Help/Debug/../Src/main.c:255: undefined reference to `LCD_INIT'
E:/EmbeddedSystemKS/Unit_7_MCU_Essential_Peripherals/Drivers/Help/Debug/../Src/main.c:256: undefined reference to `LCD_CLEAR'
E:/EmbeddedSystemKS/Unit_7_MCU_Essential_Peripherals/Drivers/Help/Debug/../Src/main.c:264: undefined reference to `MCAL_EXTI_GPIO_Init'
E:/EmbeddedSystemKS/Unit_7_MCU_Essential_Peripherals/Drivers/Help/Debug/../Src/main.c:271: undefined reference to `LCD_CLEAR'
collect2.exe: error: ld returned 1 exit status
make: *** [makefile:49: Help.elf] Error 1
"make -j4 all" terminated with exit code 2. Build might be incomplete.

16:37:45 Build Failed. 7 errors, 1 warnings. (took 577ms)

