2021-10-13 19:53:18,617 [INFO] Activator:178 - 


2021-10-13 19:53:18,692 [INFO] Activator:179 - !SESSION log4j initialized
2021-10-13 19:54:04,572 [INFO] ApplicationProperties:181 - Using Application install path: E:\Programs\EmbeddedSystemKS\ST\STM32CubeIDE_1.4.0\STM32CubeIDE\plugins\com.st.stm32cube.common.mx_6.0.0.202007160824
2021-10-13 19:54:04,616 [INFO] DbMcusXml:70 - Set database path to: E:\Programs\EmbeddedSystemKS\ST\STM32CubeIDE_1.4.0\STM32CubeIDE\plugins\com.st.stm32cube.common.mx_6.0.0.202007160824\\db\/mcu/
2021-10-13 19:54:04,621 [INFO] DbBoardsPdsc:56 - Set plugin database path to: E:\Programs\EmbeddedSystemKS\ST\STM32CubeIDE_1.4.0\STM32CubeIDE\plugins\com.st.stm32cube.common.mx_6.0.0.202007160824\\db\/plugins/boardmanager/
2021-10-13 19:54:04,622 [INFO] DbMcus:258 - Set plugin images path to: E:\Programs\EmbeddedSystemKS\ST\STM32CubeIDE_1.4.0\STM32CubeIDE\plugins\com.st.stm32cube.common.mx_6.0.0.202007160824\\db\/plugins/mcufinder/images/
2021-10-13 19:54:04,623 [INFO] DbBoards:264 - Set plugin images path to: E:\Programs\EmbeddedSystemKS\ST\STM32CubeIDE_1.4.0\STM32CubeIDE\plugins\com.st.stm32cube.common.mx_6.0.0.202007160824\\db\/plugins/mcufinder/images/
2021-10-13 19:54:04,627 [INFO] DbExamples:326 - Set plugin images path to: E:\Programs\EmbeddedSystemKS\ST\STM32CubeIDE_1.4.0\STM32CubeIDE\plugins\com.st.stm32cube.common.mx_6.0.0.202007160824\\db\/plugins/mcufinder/images/
2021-10-13 19:54:04,766 [INFO] DbMcusDocs:112 - Set database path to: C:\Users\Arshy\.stmcufinder\plugins\mcufinder//mcu/
2021-10-13 19:54:04,781 [INFO] DbMcusJson:63 - Set database path to: C:\Users\Arshy\.stmcufinder\plugins\mcufinder//mcu/
2021-10-13 19:54:04,781 [INFO] DbBoardsDocs:112 - Set database path to: C:\Users\Arshy\.stmcufinder\plugins\mcufinder//mcu/
2021-10-13 19:54:04,781 [INFO] DbBoardsJson:56 - Set database path to: C:\Users\Arshy\.stmcufinder\plugins\mcufinder//mcu/
2021-10-13 19:54:04,893 [INFO] CrossReferenceDbSqlite:196 - Set database path to: C:\Users\Arshy\.stmcufinder\plugins\mcufinder//mcu/cs/
2021-10-13 19:54:04,893 [INFO] DbExamplesSqlite:800 - Set database path to: C:\Users\Arshy\.stmcufinder\plugins\mcufinder//mcu/
2021-10-13 19:54:05,181 [INFO] RulesReader:52 - Compatibility file has been processed (209 Rules)
2021-10-13 19:54:05,729 [INFO] MicroXplorer:564 - Detected Java Version = 1.8.0_252
2021-10-13 19:54:05,730 [INFO] DbMcusXml:70 - Set database path to: E:\Programs\EmbeddedSystemKS\ST\STM32CubeIDE_1.4.0\STM32CubeIDE\plugins\com.st.stm32cube.common.mx_6.0.0.202007160824\\db\/mcu/
2021-10-13 19:54:05,730 [INFO] DbBoardsPdsc:56 - Set plugin database path to: E:\Programs\EmbeddedSystemKS\ST\STM32CubeIDE_1.4.0\STM32CubeIDE\plugins\com.st.stm32cube.common.mx_6.0.0.202007160824\\db\/plugins/boardmanager/
2021-10-13 19:54:05,732 [INFO] DbMcus:258 - Set plugin images path to: E:\Programs\EmbeddedSystemKS\ST\STM32CubeIDE_1.4.0\STM32CubeIDE\plugins\com.st.stm32cube.common.mx_6.0.0.202007160824\\db\/plugins/mcufinder/images/
2021-10-13 19:54:05,732 [INFO] DbBoards:264 - Set plugin images path to: E:\Programs\EmbeddedSystemKS\ST\STM32CubeIDE_1.4.0\STM32CubeIDE\plugins\com.st.stm32cube.common.mx_6.0.0.202007160824\\db\/plugins/mcufinder/images/
2021-10-13 19:54:05,733 [INFO] DbExamples:326 - Set plugin images path to: E:\Programs\EmbeddedSystemKS\ST\STM32CubeIDE_1.4.0\STM32CubeIDE\plugins\com.st.stm32cube.common.mx_6.0.0.202007160824\\db\/plugins/mcufinder/images/
2021-10-13 19:54:05,733 [WARN] DbFile:36 - Overriding database path with different value: C:\Users\Arshy\.stmcufinder\plugins\mcufinder/ => C:\Users\Arshy\.stmcufinder\plugins\mcufinder
2021-10-13 19:54:05,734 [INFO] DbMcusDocs:112 - Set database path to: C:\Users\Arshy\.stmcufinder\plugins\mcufinder//mcu/
2021-10-13 19:54:05,734 [WARN] DbFile:36 - Overriding database path with different value: C:\Users\Arshy\.stmcufinder\plugins\mcufinder/ => C:\Users\Arshy\.stmcufinder\plugins\mcufinder
2021-10-13 19:54:05,734 [INFO] DbMcusJson:63 - Set database path to: C:\Users\Arshy\.stmcufinder\plugins\mcufinder//mcu/
2021-10-13 19:54:05,735 [WARN] DbFile:36 - Overriding database path with different value: C:\Users\Arshy\.stmcufinder\plugins\mcufinder/ => C:\Users\Arshy\.stmcufinder\plugins\mcufinder
2021-10-13 19:54:05,757 [INFO] DbBoardsDocs:112 - Set database path to: C:\Users\Arshy\.stmcufinder\plugins\mcufinder//mcu/
2021-10-13 19:54:05,757 [WARN] DbFile:36 - Overriding database path with different value: C:\Users\Arshy\.stmcufinder\plugins\mcufinder/ => C:\Users\Arshy\.stmcufinder\plugins\mcufinder
2021-10-13 19:54:05,757 [INFO] DbBoardsJson:56 - Set database path to: C:\Users\Arshy\.stmcufinder\plugins\mcufinder//mcu/
2021-10-13 19:54:05,757 [WARN] DbFile:36 - Overriding database path with different value: C:\Users\Arshy\.stmcufinder\plugins\mcufinder/ => C:\Users\Arshy\.stmcufinder\plugins\mcufinder
2021-10-13 19:54:05,757 [WARN] DbFile:36 - Overriding database path with different value: C:\Users\Arshy\.stmcufinder\plugins\mcufinder/ => C:\Users\Arshy\.stmcufinder\plugins\mcufinder
2021-10-13 19:54:05,757 [INFO] CrossReferenceDbSqlite:196 - Set database path to: C:\Users\Arshy\.stmcufinder\plugins\mcufinder//mcu/cs/
2021-10-13 19:54:05,757 [WARN] DbFile:36 - Overriding database path with different value: C:\Users\Arshy\.stmcufinder\plugins\mcufinder/ => C:\Users\Arshy\.stmcufinder\plugins\mcufinder
2021-10-13 19:54:05,757 [INFO] DbExamplesSqlite:800 - Set database path to: C:\Users\Arshy\.stmcufinder\plugins\mcufinder//mcu/
2021-10-13 19:54:06,159 [INFO] MainPanel:189 - HeapMemory: 268435456
2021-10-13 19:54:06,612 [INFO] DbMcusXml:70 - Set database path to: E:\Programs\EmbeddedSystemKS\ST\STM32CubeIDE_1.4.0\STM32CubeIDE\plugins\com.st.stm32cube.common.mx_6.0.0.202007160824\\db\/mcu/
2021-10-13 19:54:06,612 [INFO] DbBoardsPdsc:56 - Set plugin database path to: E:\Programs\EmbeddedSystemKS\ST\STM32CubeIDE_1.4.0\STM32CubeIDE\plugins\com.st.stm32cube.common.mx_6.0.0.202007160824\\db\/plugins/boardmanager/
2021-10-13 19:54:06,612 [INFO] DbMcus:258 - Set plugin images path to: E:\Programs\EmbeddedSystemKS\ST\STM32CubeIDE_1.4.0\STM32CubeIDE\plugins\com.st.stm32cube.common.mx_6.0.0.202007160824\\db\/plugins/mcufinder/images/
2021-10-13 19:54:06,612 [INFO] DbBoards:264 - Set plugin images path to: E:\Programs\EmbeddedSystemKS\ST\STM32CubeIDE_1.4.0\STM32CubeIDE\plugins\com.st.stm32cube.common.mx_6.0.0.202007160824\\db\/plugins/mcufinder/images/
2021-10-13 19:54:06,612 [INFO] DbExamples:326 - Set plugin images path to: E:\Programs\EmbeddedSystemKS\ST\STM32CubeIDE_1.4.0\STM32CubeIDE\plugins\com.st.stm32cube.common.mx_6.0.0.202007160824\\db\/plugins/mcufinder/images/
2021-10-13 19:54:06,632 [WARN] DbFile:36 - Overriding database path with different value: C:\Users\Arshy\.stmcufinder\plugins\mcufinder/ => C:\Users\Arshy\.stmcufinder\plugins\mcufinder
2021-10-13 19:54:06,632 [INFO] DbMcusDocs:112 - Set database path to: C:\Users\Arshy\.stmcufinder\plugins\mcufinder//mcu/
2021-10-13 19:54:06,632 [WARN] DbFile:36 - Overriding database path with different value: C:\Users\Arshy\.stmcufinder\plugins\mcufinder/ => C:\Users\Arshy\.stmcufinder\plugins\mcufinder
2021-10-13 19:54:06,632 [INFO] DbMcusJson:63 - Set database path to: C:\Users\Arshy\.stmcufinder\plugins\mcufinder//mcu/
2021-10-13 19:54:06,632 [WARN] DbFile:36 - Overriding database path with different value: C:\Users\Arshy\.stmcufinder\plugins\mcufinder/ => C:\Users\Arshy\.stmcufinder\plugins\mcufinder
2021-10-13 19:54:06,632 [INFO] DbBoardsDocs:112 - Set database path to: C:\Users\Arshy\.stmcufinder\plugins\mcufinder//mcu/
2021-10-13 19:54:06,632 [WARN] DbFile:36 - Overriding database path with different value: C:\Users\Arshy\.stmcufinder\plugins\mcufinder/ => C:\Users\Arshy\.stmcufinder\plugins\mcufinder
2021-10-13 19:54:06,632 [INFO] DbBoardsJson:56 - Set database path to: C:\Users\Arshy\.stmcufinder\plugins\mcufinder//mcu/
2021-10-13 19:54:06,632 [WARN] DbFile:36 - Overriding database path with different value: C:\Users\Arshy\.stmcufinder\plugins\mcufinder/ => C:\Users\Arshy\.stmcufinder\plugins\mcufinder
2021-10-13 19:54:06,632 [WARN] DbFile:36 - Overriding database path with different value: C:\Users\Arshy\.stmcufinder\plugins\mcufinder/ => C:\Users\Arshy\.stmcufinder\plugins\mcufinder
2021-10-13 19:54:06,632 [INFO] CrossReferenceDbSqlite:196 - Set database path to: C:\Users\Arshy\.stmcufinder\plugins\mcufinder//mcu/cs/
2021-10-13 19:54:06,632 [WARN] DbFile:36 - Overriding database path with different value: C:\Users\Arshy\.stmcufinder\plugins\mcufinder/ => C:\Users\Arshy\.stmcufinder\plugins\mcufinder
2021-10-13 19:54:06,632 [INFO] DbExamplesSqlite:800 - Set database path to: C:\Users\Arshy\.stmcufinder\plugins\mcufinder//mcu/
2021-10-13 19:54:06,753 [INFO] ApplicationProperties:181 - Using Application install path: E:\Programs\EmbeddedSystemKS\ST\STM32CubeIDE_1.4.0\STM32CubeIDE\plugins\com.st.stm32cube.common.mx_6.0.0.202007160824
2021-10-13 19:54:06,768 [INFO] PluginManage:178 - Search for loadable plugins [exclusion list=, ]
2021-10-13 19:54:06,812 [INFO] PluginManage:292 - Check plugin analytics
2021-10-13 19:54:22,617 [INFO] AnalyticsPlugin:203 - Accepted Software Licenses: 
2021-10-13 19:54:22,618 [INFO] AnalyticsPlugin:205 - Accepted CMSIS Pack Licenses: 
2021-10-13 19:54:22,618 [INFO] AnalyticsPlugin:207 - Accepted Firmware Licenses: 
2021-10-13 19:54:22,619 [INFO] PluginManage:342 - Loaded plugin analytics (category:tool,tabindex:-1)
2021-10-13 19:54:22,620 [INFO] PluginManage:292 - Check plugin clock
2021-10-13 19:54:22,667 [INFO] PluginManage:342 - Loaded plugin clock (category:base,tabindex:2)
2021-10-13 19:54:22,668 [INFO] PluginManage:292 - Check plugin ddr
2021-10-13 19:54:22,699 [INFO] PluginManage:342 - Loaded plugin ddr (category:tool,tabindex:6)
2021-10-13 19:54:22,699 [INFO] PluginManage:292 - Check plugin filemanager
2021-10-13 19:54:23,073 [INFO] PluginManage:342 - Loaded plugin filemanager (category:base,tabindex:10)
2021-10-13 19:54:23,073 [INFO] PluginManage:292 - Check plugin ipmanager
2021-10-13 19:54:23,125 [INFO] PluginManage:342 - Loaded plugin ipmanager (category:base,tabindex:5)
2021-10-13 19:54:23,125 [INFO] PluginManage:292 - Check plugin pinoutandconfiguration
2021-10-13 19:54:23,157 [INFO] PluginManage:342 - Loaded plugin pinoutandconfiguration (category:base,tabindex:1)
2021-10-13 19:54:23,157 [INFO] PluginManage:292 - Check plugin pinoutconfig
2021-10-13 19:54:23,268 [INFO] PluginManage:342 - Loaded plugin pinoutconfig (category:base,tabindex:0)
2021-10-13 19:54:23,268 [INFO] PluginManage:292 - Check plugin power
2021-10-13 19:54:23,368 [INFO] PluginManage:342 - Loaded plugin power (category:power,tabindex:4)
2021-10-13 19:54:23,368 [INFO] PluginManage:292 - Check plugin projectmanager
2021-10-13 19:54:23,397 [INFO] PluginManage:342 - Loaded plugin projectmanager (category:projectmanager,tabindex:3)
2021-10-13 19:54:23,397 [INFO] PluginManage:292 - Check plugin thirdparty
2021-10-13 19:54:23,627 [INFO] ThirdPartyDb:333 - Open Third Party DataBase File (C:/Users/Arshy/.stm32cubemx/plugins/thirdparty/db/thirdparties_db.xml) : 83 ms. number of Sw pack : 33
2021-10-13 19:54:23,636 [INFO] PluginManage:342 - Loaded plugin thirdparty (category:base,tabindex:-1)
2021-10-13 19:54:23,636 [INFO] PluginManage:292 - Check plugin tools
2021-10-13 19:54:23,648 [INFO] PluginManage:342 - Loaded plugin tools (category:base,tabindex:7)
2021-10-13 19:54:23,648 [INFO] PluginManage:292 - Check plugin tutovideos
2021-10-13 19:54:24,114 [INFO] PluginManage:342 - Loaded plugin tutovideos (category:base,tabindex:-1)
2021-10-13 19:54:24,115 [INFO] PluginManage:292 - Check plugin updater
2021-10-13 19:54:24,159 [INFO] PluginManage:342 - Loaded plugin updater (category:base,tabindex:12)
2021-10-13 19:54:24,160 [INFO] PluginManage:265 - PluginManage : Loaded plugins [13]
2021-10-13 19:54:24,864 [INFO] PinOutPanel:1418 - setPackage(No Configuration,No Configuration)
2021-10-13 19:54:25,146 [INFO] IPUIPlugin:64 - create IPUIPlugin
2021-10-13 19:54:25,146 [INFO] PluginManager:200 - loadIPPluginJar : add adc
2021-10-13 19:54:25,184 [INFO] IPUIPlugin:64 - create IPUIPlugin
2021-10-13 19:54:25,184 [INFO] PluginManager:200 - loadIPPluginJar : add aes
2021-10-13 19:54:25,197 [INFO] IPUIPlugin:64 - create IPUIPlugin
2021-10-13 19:54:25,198 [INFO] PluginManager:200 - loadIPPluginJar : add can
2021-10-13 19:54:25,206 [INFO] IPUIPlugin:64 - create IPUIPlugin
2021-10-13 19:54:25,206 [INFO] PluginManager:200 - loadIPPluginJar : add comp
2021-10-13 19:54:25,216 [INFO] IPUIPlugin:64 - create IPUIPlugin
2021-10-13 19:54:25,216 [INFO] PluginManager:200 - loadIPPluginJar : add cryp
2021-10-13 19:54:25,219 [INFO] IPUIPlugin:64 - create IPUIPlugin
2021-10-13 19:54:25,219 [INFO] PluginManager:200 - loadIPPluginJar : add dfsdm
2021-10-13 19:54:25,241 [INFO] IPUIPlugin:64 - create IPUIPlugin
2021-10-13 19:54:25,242 [INFO] PluginManager:200 - loadIPPluginJar : add dma
2021-10-13 19:54:25,243 [INFO] IPUIPlugin:64 - create IPUIPlugin
2021-10-13 19:54:25,244 [INFO] PluginManager:200 - loadIPPluginJar : add fatfs
2021-10-13 19:54:25,258 [INFO] IPUIPlugin:64 - create IPUIPlugin
2021-10-13 19:54:25,259 [INFO] PluginManager:200 - loadIPPluginJar : add fmc
2021-10-13 19:54:25,307 [INFO] IPUIPlugin:64 - create IPUIPlugin
2021-10-13 19:54:25,308 [INFO] PluginManager:200 - loadIPPluginJar : add freertos
2021-10-13 19:54:25,324 [INFO] IPUIPlugin:64 - create IPUIPlugin
2021-10-13 19:54:25,324 [INFO] PluginManager:200 - loadIPPluginJar : add genericplugin
2021-10-13 19:54:25,346 [INFO] IPUIPlugin:64 - create IPUIPlugin
2021-10-13 19:54:25,346 [INFO] PluginManager:200 - loadIPPluginJar : add gfxmmu
2021-10-13 19:54:25,368 [INFO] IPUIPlugin:64 - create IPUIPlugin
2021-10-13 19:54:25,368 [INFO] PluginManager:200 - loadIPPluginJar : add gic
2021-10-13 19:54:25,412 [INFO] IPUIPlugin:64 - create IPUIPlugin
2021-10-13 19:54:25,413 [INFO] PluginManager:200 - loadIPPluginJar : add gpio
2021-10-13 19:54:25,426 [INFO] IPUIPlugin:64 - create IPUIPlugin
2021-10-13 19:54:25,426 [INFO] PluginManager:200 - loadIPPluginJar : add gtzc
2021-10-13 19:54:25,440 [INFO] IPUIPlugin:64 - create IPUIPlugin
2021-10-13 19:54:25,441 [INFO] PluginManager:200 - loadIPPluginJar : add hash
2021-10-13 19:54:25,452 [INFO] IPUIPlugin:64 - create IPUIPlugin
2021-10-13 19:54:25,452 [INFO] PluginManager:200 - loadIPPluginJar : add i2c
2021-10-13 19:54:25,464 [INFO] IPUIPlugin:64 - create IPUIPlugin
2021-10-13 19:54:25,465 [INFO] PluginManager:200 - loadIPPluginJar : add i2s
2021-10-13 19:54:25,487 [INFO] IPUIPlugin:64 - create IPUIPlugin
2021-10-13 19:54:25,488 [INFO] PluginManager:200 - loadIPPluginJar : add ipddr
2021-10-13 19:54:25,509 [INFO] IPUIPlugin:64 - create IPUIPlugin
2021-10-13 19:54:25,509 [INFO] PluginManager:200 - loadIPPluginJar : add ltdc
2021-10-13 19:54:25,523 [INFO] IPUIPlugin:64 - create IPUIPlugin
2021-10-13 19:54:25,523 [INFO] PluginManager:200 - loadIPPluginJar : add mdma
2021-10-13 19:54:25,570 [INFO] IPUIPlugin:64 - create IPUIPlugin
2021-10-13 19:54:25,570 [INFO] PluginManager:200 - loadIPPluginJar : add nvic
2021-10-13 19:54:25,583 [INFO] IPUIPlugin:64 - create IPUIPlugin
2021-10-13 19:54:25,583 [INFO] PluginManager:200 - loadIPPluginJar : add opamp
2021-10-13 19:54:25,589 [INFO] IPUIPlugin:64 - create IPUIPlugin
2021-10-13 19:54:25,590 [INFO] PluginManager:200 - loadIPPluginJar : add openamp
2021-10-13 19:54:25,601 [INFO] IPUIPlugin:64 - create IPUIPlugin
2021-10-13 19:54:25,601 [INFO] PluginManager:200 - loadIPPluginJar : add pdm2pcm
2021-10-13 19:54:25,619 [INFO] IPUIPlugin:64 - create IPUIPlugin
2021-10-13 19:54:25,622 [INFO] PluginManager:200 - loadIPPluginJar : add plateformsettings
2021-10-13 19:54:25,635 [INFO] IPUIPlugin:64 - create IPUIPlugin
2021-10-13 19:54:25,635 [INFO] PluginManager:200 - loadIPPluginJar : add quadspi
2021-10-13 19:54:25,664 [INFO] IPUIPlugin:64 - create IPUIPlugin
2021-10-13 19:54:25,664 [INFO] PluginManager:200 - loadIPPluginJar : add resmgrutility
2021-10-13 19:54:25,685 [INFO] IPUIPlugin:64 - create IPUIPlugin
2021-10-13 19:54:25,686 [INFO] PluginManager:200 - loadIPPluginJar : add sai
2021-10-13 19:54:25,713 [INFO] IPUIPlugin:64 - create IPUIPlugin
2021-10-13 19:54:25,713 [INFO] PluginManager:200 - loadIPPluginJar : add spi
2021-10-13 19:54:25,717 [INFO] IPUIPlugin:64 - create IPUIPlugin
2021-10-13 19:54:25,718 [INFO] PluginManager:200 - loadIPPluginJar : add stm32_wpan
2021-10-13 19:54:25,720 [INFO] IPUIPlugin:64 - create IPUIPlugin
2021-10-13 19:54:25,720 [INFO] PluginManager:200 - loadIPPluginJar : add tim
2021-10-13 19:54:25,749 [INFO] IPUIPlugin:64 - create IPUIPlugin
2021-10-13 19:54:25,749 [INFO] PluginManager:200 - loadIPPluginJar : add touchsensing
2021-10-13 19:54:25,757 [INFO] IPUIPlugin:64 - create IPUIPlugin
2021-10-13 19:54:25,758 [INFO] PluginManager:200 - loadIPPluginJar : add tracer_emb
2021-10-13 19:54:25,760 [INFO] IPUIPlugin:64 - create IPUIPlugin
2021-10-13 19:54:25,760 [INFO] PluginManager:200 - loadIPPluginJar : add ts
2021-10-13 19:54:25,762 [INFO] IPUIPlugin:64 - create IPUIPlugin
2021-10-13 19:54:25,763 [INFO] PluginManager:200 - loadIPPluginJar : add tsc
2021-10-13 19:54:25,765 [INFO] IPUIPlugin:64 - create IPUIPlugin
2021-10-13 19:54:25,765 [INFO] PluginManager:200 - loadIPPluginJar : add ucpd
2021-10-13 19:54:25,768 [INFO] IPUIPlugin:64 - create IPUIPlugin
2021-10-13 19:54:25,769 [INFO] PluginManager:200 - loadIPPluginJar : add usart
2021-10-13 19:54:27,447 [INFO] CubeProgrammer:457 - [DDR PANEL] - PathOfProgrammer: null
2021-10-13 19:54:28,587 [FATAL] Updater:282 - Updater called before beeing initialized
2021-10-13 19:54:29,086 [FATAL] Updater:282 - Updater called before beeing initialized
2021-10-13 19:54:29,086 [WARN] ThirdParty:775 - waiting for thirdparty lock release [close project]
2021-10-13 19:54:29,086 [INFO] ThirdParty:777 - entering critical section [close project]
2021-10-13 19:54:29,087 [INFO] ThirdParty:790 - exiting critical section [close project]
2021-10-13 19:54:29,090 [INFO] PinOutPanel:1418 - setPackage(No Configuration,No Configuration)
2021-10-13 19:54:29,091 [FATAL] Updater:282 - Updater called before beeing initialized
2021-10-13 19:54:29,129 [ERROR] Updater:967 - MainUpdater not yet initialized. External WinMGr cannot be set.
2021-10-13 19:54:29,131 [INFO] CubeProgrammer:457 - [DDR PANEL] - PathOfProgrammer: E:\Programs\EmbeddedSystemKS\ST\STM32CubeIDE_1.4.0\STM32CubeIDE\plugins\com.st.stm32cube.ide.mcu.externaltools.cubeprogrammer.win32_1.4.0.202007081208\tools\bin
2021-10-13 19:54:29,138 [INFO] ProgrammerExecThread:148 - [ProgrammerAPI] CubeProgrammer command construction: E:\Programs\EmbeddedSystemKS\ST\STM32CubeIDE_1.4.0\STM32CubeIDE\plugins\com.st.stm32cube.ide.mcu.externaltools.cubeprogrammer.win32_1.4.0.202007081208\tools\bin\STM32_Programmer_CLI.exe -l
2021-10-13 19:54:30,054 [INFO] MainDdrPanel:49 - [DDR PANEL] SETTER - Set cubeProgrammerPath to: E:\Programs\EmbeddedSystemKS\ST\STM32CubeIDE_1.4.0\STM32CubeIDE\plugins\com.st.stm32cube.ide.mcu.externaltools.cubeprogrammer.win32_1.4.0.202007081208\tools\bin
2021-10-13 19:54:30,269 [INFO] Updater:904 - Updater Version found : 6.0.0
2021-10-13 19:54:30,318 [INFO] ApplicationProperties:181 - Using Application install path: E:\Programs\EmbeddedSystemKS\ST\STM32CubeIDE_1.4.0\STM32CubeIDE\plugins\com.st.stm32cube.common.mx_6.0.0.202007160824
2021-10-13 19:54:33,137 [WARN] ServerAccessManage:1026 - Warning during Server Connexion :  timeout connect timed out
2021-10-13 19:54:35,141 [WARN] ServerAccessManage:1026 - Warning during Server Connexion :  timeout connect timed out
2021-10-13 19:54:37,291 [WARN] ServerAccessManage:1026 - Warning during Server Connexion :  timeout connect timed out
2021-10-13 19:54:39,400 [WARN] ServerAccessManage:1026 - Warning during Server Connexion :  timeout connect timed out
2021-10-13 19:54:39,400 [INFO] MainUpdater:2268 - connection check result : 22
2021-10-13 19:54:39,400 [INFO] MainUpdater:239 - Updater Check For Update Now.
2021-10-13 19:54:39,400 [INFO] MicroXplorer:414 - Change Database Version : DB.6.0.0
2021-10-13 19:54:39,556 [INFO] CheckServerUpdateThread:102 - End of CheckServer Thread
2021-10-13 19:54:40,725 [WARN] ServerAccessManage:1026 - Warning during Server Connexion :  timeout connect timed out
2021-10-13 19:54:41,652 [WARN] IntegrityCheckThread:61 - waiting for thirdparty lock release [integrity check]
2021-10-13 19:54:41,652 [INFO] IntegrityCheckThread:63 - entering critical section [integrity check]
2021-10-13 19:54:41,652 [WARN] MainUpdater:1087 - Updater busy. Cannot search thirdparties
2021-10-13 19:54:41,813 [WARN] ServerAccessManage:1026 - Warning during Server Connexion :  timeout connect timed out
2021-10-13 19:54:42,814 [WARN] ServerAccessManage:1026 - Warning during Server Connexion :  timeout connect timed out
2021-10-13 19:54:43,941 [WARN] ServerAccessManage:1026 - Warning during Server Connexion :  timeout connect timed out
2021-10-13 19:54:43,941 [INFO] MainUpdater:2268 - connection check result : 22
2021-10-13 19:54:44,952 [INFO] ThirdPartyDb:299 - Save Third Party DataBase File (C:/Users/Arshy/.stm32cubemx/plugins/thirdparty/db/thirdparties_db.xml) [forced]
2021-10-13 19:54:45,037 [INFO] ThirdPartyDb:299 - Save Third Party DataBase File (C:/Users/Arshy/.stm32cubemx/plugins/thirdparty/db/thirdparties_db.xml) [forced]
2021-10-13 19:54:45,092 [INFO] IntegrityCheckThread:76 - exiting critical section [integrity check]
2021-10-13 19:54:45,092 [INFO] IntegrityCheckThread:79 - End integrity checks thread
2021-10-13 19:55:24,818 [INFO] McuFinderGlobals:40 - Set McuFinder mode to 2 (CubeIDE integrated)
2021-10-13 19:55:25,328 [INFO] CrossSelectorPresenter:1330 - Cross Selector saved comparison directory: C:\Users\Arshy\.stmcufinder\plugins\mcufinder\mcu\cs_comparisons_mx
2021-10-13 19:55:25,348 [INFO] MultiScanPanel:193 - Auto-refresh data requested => check proxy status ongoing
2021-10-13 19:55:25,358 [INFO] FinderPluginLoader:87 - Searching for filters in installed packs
2021-10-13 19:55:25,373 [INFO] DbMcusXml:100 - Load MCU database from E:\Programs\EmbeddedSystemKS\ST\STM32CubeIDE_1.4.0\STM32CubeIDE\plugins\com.st.stm32cube.common.mx_6.0.0.202007160824\\db\/mcu/families.xml
2021-10-13 19:55:26,669 [INFO] DbMcusJson:92 - JSON generation date=Mon Jun 07 10:53:21 EET 2021 (1623056001)
2021-10-13 19:55:28,058 [INFO] DbMcus:175 - Found 1761 MCUs (1722 are supported by CubeMX, 1813 are visible in CubeMX)
2021-10-13 19:55:28,059 [INFO] ApiDb:201 - Load user favorites file C:\Users\Arshy/.stm32cubeide/favorites.mcus.txt: 0 item(s)
2021-10-13 19:55:28,059 [INFO] ApiDb:205 - User favorites MCUs=[]
2021-10-13 19:55:28,059 [INFO] DbMcus:187 - Set 0 / 0 favorites MCUs
2021-10-13 19:55:29,482 [INFO] McuFilterPanel:245 - Update 0 favorites MCUs
2021-10-13 19:55:29,765 [INFO] DbBoardsPdsc:94 - Found 23 items
2021-10-13 19:55:29,768 [INFO] DbBoardsPdsc:94 - Found 9 items
2021-10-13 19:55:29,788 [INFO] DbBoardsPdsc:94 - Found 29 items
2021-10-13 19:55:29,791 [INFO] DbBoardsPdsc:94 - Found 1 items
2021-10-13 19:55:29,813 [INFO] DbBoardsPdsc:94 - Found 44 items
2021-10-13 19:55:29,837 [INFO] DbBoardsPdsc:94 - Found 40 items
2021-10-13 19:55:29,852 [INFO] DbBoardsPdsc:94 - Found 2 items
2021-10-13 19:55:29,869 [INFO] DbBoardsPdsc:94 - Found 4 items
2021-10-13 19:55:29,879 [WARN] DbBoardsPdsc:258 - Board STM32H7B3I-DK: unknown feature type=Audio, name=, username=Audio stereo codec with Headphone Amp (CS42L51-CNZ), n=1
2021-10-13 19:55:29,879 [WARN] DbBoardsPdsc:258 - Board STM32H735G-DK: unknown feature type=Audio, name=, username=Audio stereo codec with Headphone Amp (WM8994ECS/R), n=1
2021-10-13 19:55:29,882 [WARN] DbBoardsPdsc:258 - Board STM32H7B3I-EVAL: unknown feature type=Audio, name=, username=Multi-Channel Audio Codec (CS42L51-CNZ), n=1
2021-10-13 19:55:29,882 [WARN] DbBoardsPdsc:258 - Board STM32H7B3I-EVAL: unknown feature type=Meter, name=, username=Power-metering and Temperature-monitoring with sigma-delta modulators, n=1
2021-10-13 19:55:29,883 [WARN] DbBoardsPdsc:258 - Board STM32H7B3I-EVAL: unknown feature type=Motor, name=, username=Motor Control, n=1
2021-10-13 19:55:29,988 [INFO] DbBoardsJson:85 - JSON generation date=Tue Jun 01 07:52:40 EET 2021 (1622526760)
2021-10-13 19:55:29,996 [INFO] DbBoards:117 - Found 154 boards (149 are supported by CubeMX)
2021-10-13 19:55:30,040 [INFO] DbBoardsDocs:145 - JSON generation date=Tue Jun 01 07:52:40 EET 2021 (1622526760)
2021-10-13 19:55:30,099 [INFO] DbBoardsDocs:81 - Found 193 boards documents
2021-10-13 19:55:30,100 [WARN] DbBoards:127 - board B-L462E-CELL1 has no document id list !
2021-10-13 19:55:30,101 [WARN] DbBoards:127 - board B-L475E-IOT01A2 has no document id list !
2021-10-13 19:55:30,103 [WARN] DbBoards:127 - board NUCLEO-H743ZI has no document id list !
2021-10-13 19:55:30,105 [WARN] DbBoards:127 - board NUCLEO-WB55RG has no document id list !
2021-10-13 19:55:30,105 [WARN] DbBoards:127 - board P-NUCLEO-WB55-Nucleo has no document id list !
2021-10-13 19:55:30,105 [WARN] DbBoards:127 - board P-NUCLEO-WB55-USBDongle has no document id list !
2021-10-13 19:55:30,105 [WARN] DbBoards:127 - board STEVAL-BFA001V1B has no document id list !
2021-10-13 19:55:30,106 [WARN] DbBoards:127 - board STEVAL-BFA001V2B has no document id list !
2021-10-13 19:55:30,106 [WARN] DbBoards:127 - board STEVAL-IDP005V1 has no document id list !
2021-10-13 19:55:30,106 [WARN] DbBoards:127 - board STEVAL-IDP005V2 has no document id list !
2021-10-13 19:55:30,106 [WARN] DbBoards:127 - board STEVAL-MKSBOX1V1 has no document id list !
2021-10-13 19:55:30,106 [WARN] DbBoards:127 - board STEVAL-STWINKT1 has no document id list !
2021-10-13 19:55:30,106 [WARN] DbBoards:127 - board STEVAL-STWINKT1B has no document id list !
2021-10-13 19:55:30,107 [WARN] DbBoards:127 - board STM32F401C-DISCO has no document id list !
2021-10-13 19:55:30,108 [WARN] DbBoards:127 - board STM32F769I-DISC1 has no document id list !
2021-10-13 19:55:30,109 [WARN] DbBoards:127 - board STM32G474E-EVAL1 has no document id list !
2021-10-13 19:55:30,109 [WARN] DbBoards:127 - board STM32H743I-EVAL2 has no document id list !
2021-10-13 19:55:30,110 [WARN] DbBoards:127 - board STM32H747I-DISC1 has no document id list !
2021-10-13 19:55:30,111 [WARN] DbBoards:127 - board STM32H753I-EVAL2 has no document id list !
2021-10-13 19:55:30,111 [WARN] DbBoards:127 - board STM32L-DISCOVERY has no document id list !
2021-10-13 19:55:30,112 [WARN] DbBoards:127 - board STM32MP157A-DK1 has no document id list !
2021-10-13 19:55:30,113 [WARN] DbBoards:127 - board STM32MP157F-EV1 has no document id list !
2021-10-13 19:55:30,382 [ERROR] DbBoards:192 - No image file URL for board B-L462E-CELL1
2021-10-13 19:55:30,983 [ERROR] DbBoards:189 - Image file not found for board NUCLEO-WL55JC: E:\Programs\EmbeddedSystemKS\ST\STM32CubeIDE_1.4.0\STM32CubeIDE\plugins\com.st.stm32cube.common.mx_6.0.0.202007160824\\db\/plugins/mcufinder/images/boards/nucleo-wl55jc-small.jpg
2021-10-13 19:55:31,453 [ERROR] DbBoards:189 - Image file not found for board STEVAL-STWINKT1B: E:\Programs\EmbeddedSystemKS\ST\STM32CubeIDE_1.4.0\STM32CubeIDE\plugins\com.st.stm32cube.common.mx_6.0.0.202007160824\\db\/plugins/mcufinder/images/boards/steval-stwinkt1b_small.jpg
2021-10-13 19:55:32,749 [ERROR] DbBoards:189 - Image file not found for board STM32H7B3I-EVAL: E:\Programs\EmbeddedSystemKS\ST\STM32CubeIDE_1.4.0\STM32CubeIDE\plugins\com.st.stm32cube.common.mx_6.0.0.202007160824\\db\/plugins/mcufinder/images/boards/stm32h7b3ieval_small.jpg
2021-10-13 19:55:33,180 [INFO] ApiDb:201 - Load user favorites file C:\Users\Arshy/.stm32cubeide/favorites.boards.txt: 0 item(s)
2021-10-13 19:55:33,180 [INFO] ApiDb:205 - User favorites Boards=[]
2021-10-13 19:55:33,180 [INFO] DbBoards:206 - Set 0 / 0 favorites Boards
2021-10-13 19:55:57,611 [INFO] DbMcusDocs:145 - JSON generation date=Mon Jun 07 10:53:21 EET 2021 (1623056001)
2021-10-13 19:55:58,104 [INFO] DbMcusDocs:81 - Found 669 MCUs documents
2021-10-13 19:57:08,127 [INFO] LogOutputStream:76 - [STDOUT_REDIRECT] withoutVersionV1.8.4
2021-10-13 19:57:08,127 [INFO] LogOutputStream:76 - [STDOUT_REDIRECT] withoutVersionV1.8.3
2021-10-13 19:57:08,127 [INFO] LogOutputStream:76 - [STDOUT_REDIRECT] withoutVersionV1.8.2
2021-10-13 19:57:08,132 [INFO] LogOutputStream:76 - [STDOUT_REDIRECT] withoutVersionV1.8.1
2021-10-13 19:57:08,132 [INFO] LogOutputStream:76 - [STDOUT_REDIRECT] withoutVersionV1.8.0
2021-10-13 19:57:17,521 [INFO] ApiDb:226 - Save user favorites file C:\Users\Arshy/.stm32cubeide/favorites.mcus.txt: 0 item(s)
2021-10-13 19:57:17,522 [INFO] ApiDb:230 - User favorites MCUs=[]
2021-10-13 20:08:33,945 [INFO] LogOutputStream:76 - [STDOUT_REDIRECT] NM parsing issue: line doesn't match pattern: 00000000 n wm4.0.916e0b7eaeb771c3291ecabf333b1300
2021-10-13 20:13:19,186 [INFO] LogOutputStream:76 - [STDOUT_REDIRECT] NM parsing issue: line doesn't match pattern: 00000000 n wm4.0.916e0b7eaeb771c3291ecabf333b1300
2021-10-13 20:13:43,477 [INFO] LogOutputStream:76 - [STDOUT_REDIRECT] NM parsing issue: line doesn't match pattern: 00000000 n wm4.0.916e0b7eaeb771c3291ecabf333b1300
2021-10-13 20:15:46,828 [INFO] LogOutputStream:76 - [STDOUT_REDIRECT] NM parsing issue: line doesn't match pattern: 00000000 n wm4.0.916e0b7eaeb771c3291ecabf333b1300
2021-10-13 20:18:09,188 [INFO] LogOutputStream:76 - [STDOUT_REDIRECT] NM parsing issue: line doesn't match pattern: 00000000 n wm4.0.916e0b7eaeb771c3291ecabf333b1300
2021-10-13 20:18:27,995 [INFO] LogOutputStream:76 - [STDOUT_REDIRECT] NM parsing issue: line doesn't match pattern: 00000000 n wm4._ansi.h.31.de524f58584151836e90d8620a16f8e8
2021-10-13 20:18:27,998 [INFO] LogOutputStream:76 - [STDOUT_REDIRECT] NM parsing issue: line doesn't match pattern: 00000000 n wm4._default_types.h.6.959254cf5f09734ea7516c89e8bb21bd
2021-10-13 20:18:28,001 [INFO] LogOutputStream:76 - [STDOUT_REDIRECT] NM parsing issue: line doesn't match pattern: 00000000 n wm4._endian.h.31.65a10590763c3dde1ac4a7f66d7d4891
2021-10-13 20:18:28,004 [INFO] LogOutputStream:76 - [STDOUT_REDIRECT] NM parsing issue: line doesn't match pattern: 00000000 n wm4._newlib_version.h.4.875b979a44719054cd750d0952ad3fd6
2021-10-13 20:18:28,007 [INFO] LogOutputStream:76 - [STDOUT_REDIRECT] NM parsing issue: line doesn't match pattern: 00000000 n wm4._pthreadtypes.h.36.fcee9961c35163dde6267ef772ad1972
2021-10-13 20:18:28,010 [INFO] LogOutputStream:76 - [STDOUT_REDIRECT] NM parsing issue: line doesn't match pattern: 00000000 n wm4._stdint.h.10.c24fa3af3bc1706662bb5593a907e841
2021-10-13 20:18:28,014 [INFO] LogOutputStream:76 - [STDOUT_REDIRECT] NM parsing issue: line doesn't match pattern: 00000000 n wm4._timeval.h.30.0e8bfd94e85db17dda3286ee81496fe6
2021-10-13 20:18:28,017 [INFO] LogOutputStream:76 - [STDOUT_REDIRECT] NM parsing issue: line doesn't match pattern: 00000000 n wm4._types.h.125.5cf8a495f1f7ef36777ad868a1e32068
2021-10-13 20:18:28,019 [INFO] LogOutputStream:76 - [STDOUT_REDIRECT] NM parsing issue: line doesn't match pattern: 00000000 n wm4._types.h.184.03611d4f6b5bec9997bcf4279eceba07
2021-10-13 20:18:28,021 [INFO] LogOutputStream:76 - [STDOUT_REDIRECT] NM parsing issue: line doesn't match pattern: 00000000 n wm4.0.916e0b7eaeb771c3291ecabf333b1300
2021-10-13 20:18:28,023 [INFO] LogOutputStream:76 - [STDOUT_REDIRECT] NM parsing issue: line doesn't match pattern: 00000000 n wm4.cdefs.h.47.0bcdf94cb40e176393dd1404056825b4
2021-10-13 20:18:28,025 [INFO] LogOutputStream:76 - [STDOUT_REDIRECT] NM parsing issue: line doesn't match pattern: 00000000 n wm4.config.h.220.36f00706905e5652fc5f624c917240d4
2021-10-13 20:18:28,027 [INFO] LogOutputStream:76 - [STDOUT_REDIRECT] NM parsing issue: line doesn't match pattern: 00000000 n wm4.endian.h.9.49f3a4695c1b61e8a0808de3c4a106cb
2021-10-13 20:18:28,028 [INFO] LogOutputStream:76 - [STDOUT_REDIRECT] NM parsing issue: line doesn't match pattern: 00000000 n wm4.features.h.22.fad1cec3bc7ff06488171438dbdcfd02
2021-10-13 20:18:28,030 [INFO] LogOutputStream:76 - [STDOUT_REDIRECT] NM parsing issue: line doesn't match pattern: 00000000 n wm4.ieeefp.h.77.220d9cccac42cd58761758bee2df4ce6
2021-10-13 20:18:28,032 [INFO] LogOutputStream:76 - [STDOUT_REDIRECT] NM parsing issue: line doesn't match pattern: 00000000 n wm4.lock.h.2.c0958401bd0ce484d507ee19aacab817
2021-10-13 20:18:28,033 [INFO] LogOutputStream:76 - [STDOUT_REDIRECT] NM parsing issue: line doesn't match pattern: 00000000 n wm4.newlib.h.34.1ef2aa4e3f470781292f475e061fa766
2021-10-13 20:18:28,035 [INFO] LogOutputStream:76 - [STDOUT_REDIRECT] NM parsing issue: line doesn't match pattern: 00000000 n wm4.reent.h.17.631be5b76a4afad4f8b747be9c1d586a
2021-10-13 20:18:28,037 [INFO] LogOutputStream:76 - [STDOUT_REDIRECT] NM parsing issue: line doesn't match pattern: 00000000 n wm4.sched.h.22.c60982713a5c428609783c78f9c78d95
2021-10-13 20:18:28,038 [INFO] LogOutputStream:76 - [STDOUT_REDIRECT] NM parsing issue: line doesn't match pattern: 00000000 n wm4.select.h.19.97ca6fd0c752a0f3b6719fd314d361e6
2021-10-13 20:18:28,040 [INFO] LogOutputStream:76 - [STDOUT_REDIRECT] NM parsing issue: line doesn't match pattern: 00000000 n wm4.stdarg.h.34.3a23a216c0c293b3d2ea2e89281481e6
2021-10-13 20:18:28,042 [INFO] LogOutputStream:76 - [STDOUT_REDIRECT] NM parsing issue: line doesn't match pattern: 00000000 n wm4.stddef.h.161.5349cb105733e8777bfb0cf53c4e3f34
2021-10-13 20:18:28,044 [INFO] LogOutputStream:76 - [STDOUT_REDIRECT] NM parsing issue: line doesn't match pattern: 00000000 n wm4.stddef.h.187.2ff233552538c6ff9b8575ca8ea52cb3
2021-10-13 20:18:28,046 [INFO] LogOutputStream:76 - [STDOUT_REDIRECT] NM parsing issue: line doesn't match pattern: 00000000 n wm4.stddef.h.39.ec95e8feac892e292b69dc7ae75b0d64
2021-10-13 20:18:28,048 [INFO] LogOutputStream:76 - [STDOUT_REDIRECT] NM parsing issue: line doesn't match pattern: 00000000 n wm4.stdio.h.2.4aa87247282eca6c8f36f9de33d8df1a
2021-10-13 20:18:28,050 [INFO] LogOutputStream:76 - [STDOUT_REDIRECT] NM parsing issue: line doesn't match pattern: 00000000 n wm4.stdio.h.31.7c0e28c411445f3f9c5b11accf882760
2021-10-13 20:18:28,051 [INFO] LogOutputStream:76 - [STDOUT_REDIRECT] NM parsing issue: line doesn't match pattern: 00000000 n wm4.stdio.h.81.60a2ded7dae310b81f9d6907fe5e3dbf
2021-10-13 20:18:28,053 [INFO] LogOutputStream:76 - [STDOUT_REDIRECT] NM parsing issue: line doesn't match pattern: 00000000 n wm4.timespec.h.41.d855182eb0e690443ab8651bcedca6e1
2021-10-13 20:18:28,055 [INFO] LogOutputStream:76 - [STDOUT_REDIRECT] NM parsing issue: line doesn't match pattern: 00000000 n wm4.types.h.40.e8c16e7ec36ba55f133d0616070e25fc
2021-10-13 20:18:28,057 [INFO] LogOutputStream:76 - [STDOUT_REDIRECT] NM parsing issue: line doesn't match pattern: 00000000 n wm4.types.h.69.ed3eae3cf73030a737515151ebcab7a1
2021-10-13 20:19:01,031 [INFO] LogOutputStream:76 - [STDOUT_REDIRECT] NM parsing issue: line doesn't match pattern: 00000000 n wm4._ansi.h.31.de524f58584151836e90d8620a16f8e8
2021-10-13 20:19:01,035 [INFO] LogOutputStream:76 - [STDOUT_REDIRECT] NM parsing issue: line doesn't match pattern: 00000000 n wm4._default_types.h.6.959254cf5f09734ea7516c89e8bb21bd
2021-10-13 20:19:01,038 [INFO] LogOutputStream:76 - [STDOUT_REDIRECT] NM parsing issue: line doesn't match pattern: 00000000 n wm4._endian.h.31.65a10590763c3dde1ac4a7f66d7d4891
2021-10-13 20:19:01,042 [INFO] LogOutputStream:76 - [STDOUT_REDIRECT] NM parsing issue: line doesn't match pattern: 00000000 n wm4._newlib_version.h.4.875b979a44719054cd750d0952ad3fd6
2021-10-13 20:19:01,045 [INFO] LogOutputStream:76 - [STDOUT_REDIRECT] NM parsing issue: line doesn't match pattern: 00000000 n wm4._pthreadtypes.h.36.fcee9961c35163dde6267ef772ad1972
2021-10-13 20:19:01,049 [INFO] LogOutputStream:76 - [STDOUT_REDIRECT] NM parsing issue: line doesn't match pattern: 00000000 n wm4._stdint.h.10.c24fa3af3bc1706662bb5593a907e841
2021-10-13 20:19:01,052 [INFO] LogOutputStream:76 - [STDOUT_REDIRECT] NM parsing issue: line doesn't match pattern: 00000000 n wm4._timeval.h.30.0e8bfd94e85db17dda3286ee81496fe6
2021-10-13 20:19:01,055 [INFO] LogOutputStream:76 - [STDOUT_REDIRECT] NM parsing issue: line doesn't match pattern: 00000000 n wm4._types.h.125.5cf8a495f1f7ef36777ad868a1e32068
2021-10-13 20:19:01,058 [INFO] LogOutputStream:76 - [STDOUT_REDIRECT] NM parsing issue: line doesn't match pattern: 00000000 n wm4._types.h.184.03611d4f6b5bec9997bcf4279eceba07
2021-10-13 20:19:01,061 [INFO] LogOutputStream:76 - [STDOUT_REDIRECT] NM parsing issue: line doesn't match pattern: 00000000 n wm4.0.916e0b7eaeb771c3291ecabf333b1300
2021-10-13 20:19:01,064 [INFO] LogOutputStream:76 - [STDOUT_REDIRECT] NM parsing issue: line doesn't match pattern: 00000000 n wm4.cdefs.h.47.0bcdf94cb40e176393dd1404056825b4
2021-10-13 20:19:01,067 [INFO] LogOutputStream:76 - [STDOUT_REDIRECT] NM parsing issue: line doesn't match pattern: 00000000 n wm4.config.h.220.36f00706905e5652fc5f624c917240d4
2021-10-13 20:19:01,070 [INFO] LogOutputStream:76 - [STDOUT_REDIRECT] NM parsing issue: line doesn't match pattern: 00000000 n wm4.endian.h.9.49f3a4695c1b61e8a0808de3c4a106cb
2021-10-13 20:19:01,074 [INFO] LogOutputStream:76 - [STDOUT_REDIRECT] NM parsing issue: line doesn't match pattern: 00000000 n wm4.features.h.22.fad1cec3bc7ff06488171438dbdcfd02
2021-10-13 20:19:01,077 [INFO] LogOutputStream:76 - [STDOUT_REDIRECT] NM parsing issue: line doesn't match pattern: 00000000 n wm4.ieeefp.h.77.220d9cccac42cd58761758bee2df4ce6
2021-10-13 20:19:01,080 [INFO] LogOutputStream:76 - [STDOUT_REDIRECT] NM parsing issue: line doesn't match pattern: 00000000 n wm4.lock.h.2.c0958401bd0ce484d507ee19aacab817
2021-10-13 20:19:01,084 [INFO] LogOutputStream:76 - [STDOUT_REDIRECT] NM parsing issue: line doesn't match pattern: 00000000 n wm4.newlib.h.34.1ef2aa4e3f470781292f475e061fa766
2021-10-13 20:19:01,087 [INFO] LogOutputStream:76 - [STDOUT_REDIRECT] NM parsing issue: line doesn't match pattern: 00000000 n wm4.reent.h.17.631be5b76a4afad4f8b747be9c1d586a
2021-10-13 20:19:01,090 [INFO] LogOutputStream:76 - [STDOUT_REDIRECT] NM parsing issue: line doesn't match pattern: 00000000 n wm4.sched.h.22.c60982713a5c428609783c78f9c78d95
2021-10-13 20:19:01,093 [INFO] LogOutputStream:76 - [STDOUT_REDIRECT] NM parsing issue: line doesn't match pattern: 00000000 n wm4.select.h.19.97ca6fd0c752a0f3b6719fd314d361e6
2021-10-13 20:19:01,096 [INFO] LogOutputStream:76 - [STDOUT_REDIRECT] NM parsing issue: line doesn't match pattern: 00000000 n wm4.stdarg.h.34.3a23a216c0c293b3d2ea2e89281481e6
2021-10-13 20:19:01,099 [INFO] LogOutputStream:76 - [STDOUT_REDIRECT] NM parsing issue: line doesn't match pattern: 00000000 n wm4.stddef.h.161.5349cb105733e8777bfb0cf53c4e3f34
2021-10-13 20:19:01,102 [INFO] LogOutputStream:76 - [STDOUT_REDIRECT] NM parsing issue: line doesn't match pattern: 00000000 n wm4.stddef.h.187.2ff233552538c6ff9b8575ca8ea52cb3
2021-10-13 20:19:01,105 [INFO] LogOutputStream:76 - [STDOUT_REDIRECT] NM parsing issue: line doesn't match pattern: 00000000 n wm4.stddef.h.39.ec95e8feac892e292b69dc7ae75b0d64
2021-10-13 20:19:01,108 [INFO] LogOutputStream:76 - [STDOUT_REDIRECT] NM parsing issue: line doesn't match pattern: 00000000 n wm4.stdio.h.2.4aa87247282eca6c8f36f9de33d8df1a
2021-10-13 20:19:01,111 [INFO] LogOutputStream:76 - [STDOUT_REDIRECT] NM parsing issue: line doesn't match pattern: 00000000 n wm4.stdio.h.31.7c0e28c411445f3f9c5b11accf882760
2021-10-13 20:19:01,114 [INFO] LogOutputStream:76 - [STDOUT_REDIRECT] NM parsing issue: line doesn't match pattern: 00000000 n wm4.stdio.h.81.60a2ded7dae310b81f9d6907fe5e3dbf
2021-10-13 20:19:01,117 [INFO] LogOutputStream:76 - [STDOUT_REDIRECT] NM parsing issue: line doesn't match pattern: 00000000 n wm4.timespec.h.41.d855182eb0e690443ab8651bcedca6e1
2021-10-13 20:19:01,120 [INFO] LogOutputStream:76 - [STDOUT_REDIRECT] NM parsing issue: line doesn't match pattern: 00000000 n wm4.types.h.40.e8c16e7ec36ba55f133d0616070e25fc
2021-10-13 20:19:01,123 [INFO] LogOutputStream:76 - [STDOUT_REDIRECT] NM parsing issue: line doesn't match pattern: 00000000 n wm4.types.h.69.ed3eae3cf73030a737515151ebcab7a1
2021-10-13 20:24:04,614 [INFO] LogOutputStream:76 - [STDOUT_REDIRECT] NM parsing issue: line doesn't match pattern: 00000000 n wm4._ansi.h.31.de524f58584151836e90d8620a16f8e8
2021-10-13 20:24:04,617 [INFO] LogOutputStream:76 - [STDOUT_REDIRECT] NM parsing issue: line doesn't match pattern: 00000000 n wm4._default_types.h.6.959254cf5f09734ea7516c89e8bb21bd
2021-10-13 20:24:04,620 [INFO] LogOutputStream:76 - [STDOUT_REDIRECT] NM parsing issue: line doesn't match pattern: 00000000 n wm4._endian.h.31.65a10590763c3dde1ac4a7f66d7d4891
2021-10-13 20:24:04,623 [INFO] LogOutputStream:76 - [STDOUT_REDIRECT] NM parsing issue: line doesn't match pattern: 00000000 n wm4._newlib_version.h.4.875b979a44719054cd750d0952ad3fd6
2021-10-13 20:24:04,626 [INFO] LogOutputStream:76 - [STDOUT_REDIRECT] NM parsing issue: line doesn't match pattern: 00000000 n wm4._pthreadtypes.h.36.fcee9961c35163dde6267ef772ad1972
2021-10-13 20:24:04,629 [INFO] LogOutputStream:76 - [STDOUT_REDIRECT] NM parsing issue: line doesn't match pattern: 00000000 n wm4._stdint.h.10.c24fa3af3bc1706662bb5593a907e841
2021-10-13 20:24:04,632 [INFO] LogOutputStream:76 - [STDOUT_REDIRECT] NM parsing issue: line doesn't match pattern: 00000000 n wm4._timeval.h.30.0e8bfd94e85db17dda3286ee81496fe6
2021-10-13 20:24:04,635 [INFO] LogOutputStream:76 - [STDOUT_REDIRECT] NM parsing issue: line doesn't match pattern: 00000000 n wm4._types.h.125.5cf8a495f1f7ef36777ad868a1e32068
2021-10-13 20:24:04,638 [INFO] LogOutputStream:76 - [STDOUT_REDIRECT] NM parsing issue: line doesn't match pattern: 00000000 n wm4._types.h.184.03611d4f6b5bec9997bcf4279eceba07
2021-10-13 20:24:04,641 [INFO] LogOutputStream:76 - [STDOUT_REDIRECT] NM parsing issue: line doesn't match pattern: 00000000 n wm4.0.916e0b7eaeb771c3291ecabf333b1300
2021-10-13 20:24:04,644 [INFO] LogOutputStream:76 - [STDOUT_REDIRECT] NM parsing issue: line doesn't match pattern: 00000000 n wm4.cdefs.h.47.0bcdf94cb40e176393dd1404056825b4
2021-10-13 20:24:04,648 [INFO] LogOutputStream:76 - [STDOUT_REDIRECT] NM parsing issue: line doesn't match pattern: 00000000 n wm4.config.h.220.36f00706905e5652fc5f624c917240d4
2021-10-13 20:24:04,651 [INFO] LogOutputStream:76 - [STDOUT_REDIRECT] NM parsing issue: line doesn't match pattern: 00000000 n wm4.endian.h.9.49f3a4695c1b61e8a0808de3c4a106cb
2021-10-13 20:24:04,655 [INFO] LogOutputStream:76 - [STDOUT_REDIRECT] NM parsing issue: line doesn't match pattern: 00000000 n wm4.features.h.22.fad1cec3bc7ff06488171438dbdcfd02
2021-10-13 20:24:04,658 [INFO] LogOutputStream:76 - [STDOUT_REDIRECT] NM parsing issue: line doesn't match pattern: 00000000 n wm4.ieeefp.h.77.220d9cccac42cd58761758bee2df4ce6
2021-10-13 20:24:04,661 [INFO] LogOutputStream:76 - [STDOUT_REDIRECT] NM parsing issue: line doesn't match pattern: 00000000 n wm4.lock.h.2.c0958401bd0ce484d507ee19aacab817
2021-10-13 20:24:04,663 [INFO] LogOutputStream:76 - [STDOUT_REDIRECT] NM parsing issue: line doesn't match pattern: 00000000 n wm4.newlib.h.34.1ef2aa4e3f470781292f475e061fa766
2021-10-13 20:24:04,667 [INFO] LogOutputStream:76 - [STDOUT_REDIRECT] NM parsing issue: line doesn't match pattern: 00000000 n wm4.reent.h.17.631be5b76a4afad4f8b747be9c1d586a
2021-10-13 20:24:04,670 [INFO] LogOutputStream:76 - [STDOUT_REDIRECT] NM parsing issue: line doesn't match pattern: 00000000 n wm4.sched.h.22.c60982713a5c428609783c78f9c78d95
2021-10-13 20:24:04,673 [INFO] LogOutputStream:76 - [STDOUT_REDIRECT] NM parsing issue: line doesn't match pattern: 00000000 n wm4.select.h.19.97ca6fd0c752a0f3b6719fd314d361e6
2021-10-13 20:24:04,676 [INFO] LogOutputStream:76 - [STDOUT_REDIRECT] NM parsing issue: line doesn't match pattern: 00000000 n wm4.stdarg.h.34.3a23a216c0c293b3d2ea2e89281481e6
2021-10-13 20:24:04,679 [INFO] LogOutputStream:76 - [STDOUT_REDIRECT] NM parsing issue: line doesn't match pattern: 00000000 n wm4.stddef.h.161.5349cb105733e8777bfb0cf53c4e3f34
2021-10-13 20:24:04,682 [INFO] LogOutputStream:76 - [STDOUT_REDIRECT] NM parsing issue: line doesn't match pattern: 00000000 n wm4.stddef.h.187.2ff233552538c6ff9b8575ca8ea52cb3
2021-10-13 20:24:04,684 [INFO] LogOutputStream:76 - [STDOUT_REDIRECT] NM parsing issue: line doesn't match pattern: 00000000 n wm4.stddef.h.39.ec95e8feac892e292b69dc7ae75b0d64
2021-10-13 20:24:04,687 [INFO] LogOutputStream:76 - [STDOUT_REDIRECT] NM parsing issue: line doesn't match pattern: 00000000 n wm4.stdio.h.2.4aa87247282eca6c8f36f9de33d8df1a
2021-10-13 20:24:04,689 [INFO] LogOutputStream:76 - [STDOUT_REDIRECT] NM parsing issue: line doesn't match pattern: 00000000 n wm4.stdio.h.31.7c0e28c411445f3f9c5b11accf882760
2021-10-13 20:24:04,692 [INFO] LogOutputStream:76 - [STDOUT_REDIRECT] NM parsing issue: line doesn't match pattern: 00000000 n wm4.stdio.h.81.60a2ded7dae310b81f9d6907fe5e3dbf
2021-10-13 20:24:04,695 [INFO] LogOutputStream:76 - [STDOUT_REDIRECT] NM parsing issue: line doesn't match pattern: 00000000 n wm4.timespec.h.41.d855182eb0e690443ab8651bcedca6e1
2021-10-13 20:24:04,698 [INFO] LogOutputStream:76 - [STDOUT_REDIRECT] NM parsing issue: line doesn't match pattern: 00000000 n wm4.types.h.40.e8c16e7ec36ba55f133d0616070e25fc
2021-10-13 20:24:04,701 [INFO] LogOutputStream:76 - [STDOUT_REDIRECT] NM parsing issue: line doesn't match pattern: 00000000 n wm4.types.h.69.ed3eae3cf73030a737515151ebcab7a1
2021-10-13 20:28:31,589 [INFO] LogOutputStream:76 - [STDOUT_REDIRECT] NM parsing issue: line doesn't match pattern: 00000000 n wm4.0.916e0b7eaeb771c3291ecabf333b1300
2021-10-14 13:09:16,270 [INFO] Activator:178 - 


2021-10-14 13:09:16,342 [INFO] Activator:179 - !SESSION log4j initialized
2021-10-15 21:36:11,249 [INFO] Activator:178 - 


2021-10-15 21:36:11,326 [INFO] Activator:179 - !SESSION log4j initialized
2021-10-17 20:43:23,641 [INFO] Activator:178 - 


2021-10-17 20:43:23,688 [INFO] Activator:179 - !SESSION log4j initialized
2021-10-18 14:27:36,090 [INFO] Activator:178 - 


2021-10-18 14:27:36,126 [INFO] Activator:179 - !SESSION log4j initialized
